[debug] [2021-10-28T05:08:56.974Z] ----------------------------------------------------------------------
[debug] [2021-10-28T05:08:56.980Z] Command:       C:\Program Files\nodejs\node.exe C:\Users\sarak\AppData\Roaming\npm\node_modules\firebase-tools\lib\bin\firebase.js init
[debug] [2021-10-28T05:08:56.981Z] CLI Version:   9.16.5
[debug] [2021-10-28T05:08:56.981Z] Platform:      win32
[debug] [2021-10-28T05:08:56.982Z] Node Version:  v14.17.5
[debug] [2021-10-28T05:08:57.091Z] Time:          Thu Oct 28 2021 10:08:56 GMT+0500 (Pakistan Standard Time)
[debug] [2021-10-28T05:08:57.091Z] ----------------------------------------------------------------------
[debug] 
[debug] [2021-10-28T05:08:57.110Z] >>> [apiv2][query] GET https://firebase-public.firebaseio.com/cli.json [none]
[debug] [2021-10-28T05:08:57.179Z] > command requires scopes: ["email","openid","https://www.googleapis.com/auth/cloudplatformprojects.readonly","https://www.googleapis.com/auth/firebase","https://www.googleapis.com/auth/cloud-platform"]
[debug] [2021-10-28T05:08:57.179Z] > authorizing via signed-in user (ushnakhurram8@gmail.com)
[info] 
     ######## #### ########  ######## ########     ###     ######  ########
     ##        ##  ##     ## ##       ##     ##  ##   ##  ##       ##
     ######    ##  ########  ######   ########  #########  ######  ######
     ##        ##  ##    ##  ##       ##     ## ##     ##       ## ##
     ##       #### ##     ## ######## ########  ##     ##  ######  ########

You're about to initialize a Firebase project in this directory:

  C:\Users\sarak\OneDrive\Desktop\saylani assignment

[debug] [2021-10-28T05:08:58.033Z] <<< [apiv2][status] GET https://firebase-public.firebaseio.com/cli.json 200
[debug] [2021-10-28T05:08:58.033Z] <<< [apiv2][body] GET https://firebase-public.firebaseio.com/cli.json {"cloudBuildErrorAfter":1594252800000,"cloudBuildWarnAfter":1590019200000,"defaultNode10After":1594252800000,"minVersion":"3.0.5","node8DeploysDisabledAfter":1613390400000,"node8RuntimeDisabledAfter":1615809600000,"node8WarnAfter":1600128000000}
[info] 
=== Project Setup
[info] 
[info] First, let's associate this project directory with a Firebase project.
[info] You can create multiple project aliases by running firebase use --add, 
[info] but for now we'll just set up a default project.
[info] 
[debug] [2021-10-28T05:09:08.113Z] > refreshing access token with scopes: []
[debug] [2021-10-28T05:09:08.114Z] >>> HTTP REQUEST POST https://www.googleapis.com/oauth2/v3/token  
 <request body omitted>
[debug] [2021-10-28T05:09:09.212Z] <<< HTTP RESPONSE 200 {"pragma":"no-cache","cache-control":"no-cache, no-store, max-age=0, must-revalidate","expires":"Mon, 01 Jan 1990 00:00:00 GMT","date":"Thu, 28 Oct 2021 05:09:09 GMT","content-type":"application/json; charset=utf-8","vary":"X-Origin, Referer, Origin,Accept-Encoding","server":"scaffolding on HTTPServer2","x-xss-protection":"0","x-frame-options":"SAMEORIGIN","x-content-type-options":"nosniff","alt-svc":"h3=\":443\"; ma=2592000,h3-29=\":443\"; ma=2592000,h3-Q050=\":443\"; ma=2592000,h3-Q046=\":443\"; ma=2592000,h3-Q043=\":443\"; ma=2592000","accept-ranges":"none","transfer-encoding":"chunked"}
[debug] [2021-10-28T05:09:09.283Z] >>> [apiv2][query] GET https://firebase.googleapis.com/v1beta1/projects pageSize=100
[debug] [2021-10-28T05:09:11.023Z] <<< [apiv2][status] GET https://firebase.googleapis.com/v1beta1/projects 200
[debug] [2021-10-28T05:09:11.024Z] <<< [apiv2][body] GET https://firebase.googleapis.com/v1beta1/projects [omitted]
